c:\users\luis\documents\visual studio 2015\projects\ecc\ecc\x64\debug\vc140.pdb
c:\users\luis\documents\visual studio 2015\projects\ecc\ecc\x64\debug\vc140.idb
c:\users\luis\documents\visual studio 2015\projects\ecc\ecc\x64\debug\eccexecutor.obj
c:\users\luis\documents\visual studio 2015\projects\ecc\ecc\x64\debug\eccoutput.obj
c:\users\luis\documents\visual studio 2015\projects\ecc\ecc\x64\debug\eccoutputcontainer.obj
c:\users\luis\documents\visual studio 2015\projects\ecc\ecc\x64\debug\ensembleofclassifierchains.obj
c:\users\luis\documents\visual studio 2015\projects\ecc\ecc\x64\debug\evaluationentry.obj
c:\users\luis\documents\visual studio 2015\projects\ecc\ecc\x64\debug\evaluationresult.obj
c:\users\luis\documents\visual studio 2015\projects\ecc\ecc\x64\debug\evaluator.obj
c:\users\luis\documents\visual studio 2015\projects\ecc\ecc\x64\debug\hostbuilder.obj
c:\users\luis\documents\visual studio 2015\projects\ecc\ecc\x64\debug\hostclassifier.obj
c:\users\luis\documents\visual studio 2015\projects\ecc\ecc\x64\debug\instancebasedfmeasure.obj
c:\users\luis\documents\visual studio 2015\projects\ecc\ecc\x64\debug\kernel.obj
c:\users\luis\documents\visual studio 2015\projects\ecc\ecc\x64\debug\macroaccuracy.obj
c:\users\luis\documents\visual studio 2015\projects\ecc\ecc\x64\debug\main.obj
c:\users\luis\documents\visual studio 2015\projects\ecc\ecc\x64\debug\measurer.obj
c:\users\luis\documents\visual studio 2015\projects\ecc\ecc\x64\debug\platformutil.obj
c:\users\luis\documents\visual studio 2015\projects\ecc\ecc\x64\debug\rforest.obj
c:\users\luis\documents\visual studio 2015\projects\ecc\ecc\x64\debug\rtree.obj
c:\users\luis\documents\visual studio 2015\projects\ecc\ecc\x64\debug\simplemultilabelinstance.obj
c:\users\luis\documents\visual studio 2015\projects\ecc\ecc\x64\debug\util.obj
c:\users\luis\documents\visual studio 2015\projects\ecc\ecc\x64\debug\wekaframeloader.obj
c:\users\luis\documents\visual studio 2015\projects\ecc\ecc\x64\debug\arff_attr.obj
c:\users\luis\documents\visual studio 2015\projects\ecc\ecc\x64\debug\arff_data.obj
c:\users\luis\documents\visual studio 2015\projects\ecc\ecc\x64\debug\arff_instance.obj
c:\users\luis\documents\visual studio 2015\projects\ecc\ecc\x64\debug\arff_lexer.obj
c:\users\luis\documents\visual studio 2015\projects\ecc\ecc\x64\debug\arff_parser.obj
c:\users\luis\documents\visual studio 2015\projects\ecc\ecc\x64\debug\arff_scanner.obj
c:\users\luis\documents\visual studio 2015\projects\ecc\ecc\x64\debug\arff_token.obj
c:\users\luis\documents\visual studio 2015\projects\ecc\ecc\x64\debug\arff_utils.obj
c:\users\luis\documents\visual studio 2015\projects\ecc\ecc\x64\debug\arff_value.obj
c:\users\luis\documents\visual studio 2015\projects\ecc\ecc\x64\debug\classifierchain.obj
c:\users\luis\documents\visual studio 2015\projects\ecc\ecc\x64\debug\ecccl.obj
c:\users\luis\documents\visual studio 2015\projects\ecc\ecc\x64\debug\eccdata.obj
c:\users\luis\documents\visual studio 2015\projects\ecc\x64\debug\ecc.ilk
c:\users\luis\documents\visual studio 2015\projects\ecc\x64\debug\ecc.exe
c:\users\luis\documents\visual studio 2015\projects\ecc\x64\debug\ecc.pdb
c:\users\luis\documents\visual studio 2015\projects\ecc\ecc\x64\debug\ecc.tlog\cl.command.1.tlog
c:\users\luis\documents\visual studio 2015\projects\ecc\ecc\x64\debug\ecc.tlog\cl.read.1.tlog
c:\users\luis\documents\visual studio 2015\projects\ecc\ecc\x64\debug\ecc.tlog\cl.write.1.tlog
c:\users\luis\documents\visual studio 2015\projects\ecc\ecc\x64\debug\ecc.tlog\link.command.1.tlog
c:\users\luis\documents\visual studio 2015\projects\ecc\ecc\x64\debug\ecc.tlog\link.read.1.tlog
c:\users\luis\documents\visual studio 2015\projects\ecc\ecc\x64\debug\ecc.tlog\link.write.1.tlog
